<?xml version="1.0" encoding="UTF-8"?>
<!-- Generated by org.testng.reporters.JUnitReportReporter -->
<testsuite hostname="DESKTOP-UOSJI6I" failures="0" tests="1" name="com.master.tests.GetPerson" time="4.822" errors="0" timestamp="2022-07-05T13:52:42 IST" skipped="0">
  <testcase classname="com.master.tests.GetPerson" name="getAllUsersTest" time="4.822"/>
  <system-out/>
</testsuite> <!-- com.master.tests.GetPerson -->
