<?xml version="1.0" encoding="UTF-8"?>
<!-- Generated by org.testng.reporters.JUnitReportReporter -->
<testsuite hostname="DESKTOP-UOSJI6I" failures="0" tests="1" name="com.master.tests.TestPost" time="2.480" errors="0" timestamp="2022-07-05T13:28:53 IST" skipped="0">
  <testcase classname="com.master.tests.TestPost" name="createUserTest" time="2.480"/>
  <system-out/>
</testsuite> <!-- com.master.tests.TestPost -->
